\BOOKMARK [1][-]{section.1}{\376\377\000D\0004\000-\0001\000\040\000\040\165\065\133\120\201\352\145\313\121\161\143\057\133\236\232\214\000\040\000\040\230\204\116\140\142\245\124\112}{}% 1
\BOOKMARK [2][-]{subsection.1.1}{\376\377\133\236\232\214\166\356\166\204}{section.1}% 2
\BOOKMARK [2][-]{subsection.1.2}{\376\377\116\352\126\150\165\050\121\167}{section.1}% 3
\BOOKMARK [2][-]{subsection.1.3}{\376\377\123\237\164\006\151\202\217\360}{section.1}% 4
\BOOKMARK [2][-]{subsection.1.4}{\376\377\133\236\232\214\122\115\140\035\200\003\230\230}{section.1}% 5
\BOOKMARK [1][-]{section.2}{\376\377\000D\0004\000-\0001\000\040\000\040\165\065\133\120\201\352\145\313\121\161\143\057\133\236\232\214\000\040\000\040\133\236\232\214\213\260\137\125}{}% 6
\BOOKMARK [2][-]{subsection.2.1}{\376\377\133\236\232\214\121\205\133\271\124\214\153\145\232\244}{section.2}% 7
\BOOKMARK [3][-]{subsubsection.2.1.1}{\376\377\170\156\133\232\122\261\170\301\165\065\123\213\116\016\170\301\141\037\136\224\137\072\136\246\121\163\174\373\146\362\176\277}{subsection.2.1}% 8
\BOOKMARK [3][-]{subsubsection.2.1.2}{\376\377\211\302\133\337\170\301\121\161\143\057\117\341\123\367\136\166\155\113\133\232\165\065\133\120\220\316\137\267\126\340\133\120}{subsection.2.1}% 9
\BOOKMARK [3][-]{subsubsection.2.1.3}{\376\377\117\060\155\113\000\040\000D\000P\000P\000H\000\040\150\067\124\301\152\052\124\021\137\033\214\153\145\366\225\364}{subsection.2.1}% 10
\BOOKMARK [3][-]{subsubsection.2.1.4}{\376\377\155\113\221\317\154\342\133\374\154\342\225\177\123\312\137\256\154\342\154\342\225\177}{subsection.2.1}% 11
\BOOKMARK [2][-]{subsection.2.2}{\376\377\133\236\232\214\217\307\172\013\116\055\220\107\122\060\166\204\225\356\230\230\213\260\137\125}{section.2}% 12
\BOOKMARK [2][-]{subsection.2.3}{\376\377\133\236\232\214\145\160\143\156\213\260\137\125}{section.2}% 13
\BOOKMARK [1][-]{section.3}{\376\377\000D\0004\000-\0001\000\040\000\040\165\065\133\120\201\352\145\313\121\161\143\057\133\236\232\214\000\040\000\040\122\006\147\220\116\016\213\250\213\272}{}% 14
\BOOKMARK [2][-]{subsection.3.1}{\376\377\133\236\232\214\145\160\143\156\122\006\147\220}{section.3}% 15
\BOOKMARK [3][-]{subsubsection.3.1.1}{\376\377\170\156\133\232\122\261\170\301\165\065\123\213\116\016\170\301\141\037\136\224\137\072\136\246\121\163\174\373\146\362\176\277}{subsection.3.1}% 16
\BOOKMARK [3][-]{subsubsection.3.1.2}{\376\377\211\302\133\337\170\301\121\161\143\057\117\341\123\367\136\166\155\113\133\232\165\065\133\120\220\316\137\267\126\340\133\120}{subsection.3.1}% 17
\BOOKMARK [3][-]{subsubsection.3.1.3}{\376\377\117\060\155\113\000\040\000D\000P\000P\000H\000\040\150\067\124\301\152\052\124\021\137\033\214\153\145\366\225\364}{subsection.3.1}% 18
\BOOKMARK [3][-]{subsubsection.3.1.4}{\376\377\155\113\221\317\154\342\133\374\154\342\225\177\123\312\137\256\154\342\154\342\225\177}{subsection.3.1}% 19
\BOOKMARK [2][-]{subsection.3.2}{\376\377\133\236\232\214\124\016\140\035\200\003\230\230}{section.3}% 20
\BOOKMARK [1][-]{section.4}{\376\377\000D\0004\000-\0001\000\040\000\040\165\065\133\120\201\352\145\313\121\161\143\057\133\236\232\214\000\040\000\040\133\236\232\214\140\073\176\323}{}% 21
\BOOKMARK [2][-]{subsection.4.1}{\376\377\133\236\232\214\122\006\135\345}{section.4}% 22
\BOOKMARK [2][-]{subsection.4.2}{\376\377\000A\000t\000t\000a\000c\000h\000m\000e\000n\000t}{section.4}% 23
