\BOOKMARK [1][-]{section.1}{\376\377\000E\000T\0001\000-\0004\000\040\142\064\176\364\123\127\133\232\164\006\124\214\213\372\230\177\133\232\164\006\000\040\000\040\230\204\116\140\142\245\124\112}{}% 1
\BOOKMARK [2][-]{subsection.1.1}{\376\377\133\236\232\214\166\356\166\204}{section.1}% 2
\BOOKMARK [2][-]{subsection.1.2}{\376\377\116\352\126\150\165\050\121\167}{section.1}% 3
\BOOKMARK [2][-]{subsection.1.3}{\376\377\123\237\164\006\151\202\217\360}{section.1}% 4
\BOOKMARK [2][-]{subsection.1.4}{\376\377\133\236\232\214\230\204\116\140\230\230}{section.1}% 5
\BOOKMARK [1][-]{section.2}{\376\377\000E\000T\0001\000-\0004\000\040\142\064\176\364\123\127\133\232\164\006\124\214\213\372\230\177\133\232\164\006\000\040\000\040\133\236\232\214\213\260\137\125}{}% 6
\BOOKMARK [2][-]{subsection.2.1}{\376\377\133\236\232\214\121\205\133\271\060\001\153\145\232\244\116\016\176\323\147\234}{section.2}% 7
\BOOKMARK [3][-]{subsubsection.2.1.1}{\376\377\144\315\117\134\153\145\232\244\213\260\137\125}{subsection.2.1}% 8
\BOOKMARK [3][-]{subsubsection.2.1.2}{\376\377\133\236\232\214\176\323\147\234\134\125\171\072}{subsection.2.1}% 9
\BOOKMARK [2][-]{subsection.2.2}{\376\377\123\237\131\313\145\160\143\156\213\260\137\125}{section.2}% 10
\BOOKMARK [2][-]{subsection.2.3}{\376\377\133\236\232\214\217\307\172\013\220\107\122\060\225\356\230\230\123\312\211\343\121\263\122\236\154\325}{section.2}% 11
\BOOKMARK [1][-]{section.3}{\376\377\000E\000T\0001\000-\0004\000\040\142\064\176\364\123\127\133\232\164\006\124\214\213\372\230\177\133\232\164\006\000\040\000\040\122\006\147\220\116\016\213\250\213\272}{}% 12
\BOOKMARK [2][-]{subsection.3.1}{\376\377\133\236\232\214\145\160\143\156\122\006\147\220}{section.3}% 13
\BOOKMARK [3][-]{subsubsection.3.1.1}{\376\377\121\163\116\216\133\236\232\214\165\050\147\011\156\220\116\000\172\357\123\343\177\121\176\334\166\204\164\006\213\272\213\241\173\227\116\016\116\377\167\037}{subsection.3.1}% 14
\BOOKMARK [3][-]{subsubsection.3.1.2}{\376\377\213\357\135\356\122\006\147\220}{subsection.3.1}% 15
\BOOKMARK [3][-]{subsubsection.3.1.3}{\376\377\121\166\133\203\225\356\230\230\166\204\217\333\116\000\153\145\213\250\213\272\116\016\122\006\147\220}{subsection.3.1}% 16
\BOOKMARK [1][-]{section.4}{\376\377\000E\000T\0001\000-\0004\000\040\142\064\176\364\123\127\133\232\164\006\124\214\213\372\230\177\133\232\164\006\000\040\000\040\176\323\213\355}{}% 17
\BOOKMARK [2][-]{subsection.4.1}{\376\377\133\236\232\214\137\303\137\227\124\214\117\123\117\032\060\001\141\017\211\301\136\372\213\256\173\111}{section.4}% 18
\BOOKMARK [2][-]{subsection.4.2}{\376\377\123\302\200\003\145\207\163\056}{section.4}% 19
\BOOKMARK [2][-]{subsection.4.3}{\376\377\226\104\116\366\123\312\133\236\232\214\166\370\121\163\166\204\217\157\170\154\116\366\215\104\145\231\173\111}{section.4}% 20
