\BOOKMARK [1][-]{section.1}{\376\377\000X\000X\000X\000\040\000\040\000P\000r\000e\000v\000i\000e\000w\000\040\000R\000e\000p\000o\000r\000t}{}% 1
\BOOKMARK [2][-]{subsection.1.1}{\376\377\000P\000u\000r\000p\000o\000s\000e}{section.1}% 2
\BOOKMARK [2][-]{subsection.1.2}{\376\377\000I\000n\000s\000t\000r\000u\000m\000e\000n\000t\000s\000\040\000\046\000\040\000E\000q\000u\000i\000p\000m\000e\000n\000t}{section.1}% 3
\BOOKMARK [2][-]{subsection.1.3}{\376\377\000P\000r\000i\000n\000c\000i\000p\000l\000e}{section.1}% 4
\BOOKMARK [2][-]{subsection.1.4}{\376\377\000T\000h\000i\000n\000k\000i\000n\000g\000\040\000B\000e\000f\000o\000r\000e\000\040\000E\000x\000p\000e\000r\000i\000m\000e\000n\000t}{section.1}% 5
\BOOKMARK [1][-]{section.2}{\376\377\000X\000X\000X\000\040\000\040\000E\000x\000p\000e\000r\000i\000m\000e\000n\000t\000a\000l\000\040\000R\000e\000c\000o\000r\000d}{}% 6
\BOOKMARK [2][-]{subsection.2.1}{\376\377\000C\000o\000n\000t\000e\000n\000t\000,\000\040\000P\000r\000o\000c\000e\000d\000u\000r\000e\000s\000\040\000\046\000\040\000R\000e\000s\000u\000l\000t\000s}{section.2}% 7
\BOOKMARK [3][-]{subsubsection.2.1.1}{\376\377\000O\000p\000e\000r\000a\000t\000i\000o\000n\000s}{subsection.2.1}% 8
\BOOKMARK [3][-]{subsubsection.2.1.2}{\376\377\000D\000i\000s\000p\000l\000a\000y}{subsection.2.1}% 9
\BOOKMARK [2][-]{subsection.2.2}{\376\377\000O\000r\000i\000g\000i\000n\000a\000l\000\040\000D\000a\000t\000a}{section.2}% 10
\BOOKMARK [2][-]{subsection.2.3}{\376\377\000D\000i\000f\000f\000i\000c\000u\000l\000t\000i\000e\000s}{section.2}% 11
\BOOKMARK [1][-]{section.3}{\376\377\000X\000X\000X\000\040\000\040\000A\000n\000a\000l\000y\000s\000i\000s\000\040\000\046\000\040\000D\000i\000s\000c\000u\000s\000s\000i\000o\000n}{}% 12
\BOOKMARK [2][-]{subsection.3.1}{\376\377\000D\000a\000t\000a\000\040\000P\000r\000o\000c\000e\000s\000s\000i\000n\000g}{section.3}% 13
\BOOKMARK [3][-]{subsubsection.3.1.1}{\376\377\000A\000n\000a\000l\000y\000s\000i\000s}{subsection.3.1}% 14
\BOOKMARK [3][-]{subsubsection.3.1.2}{\376\377\000D\000i\000s\000c\000u\000s\000s\000i\000o\000n}{subsection.3.1}% 15
\BOOKMARK [3][-]{subsubsection.3.1.3}{\376\377\000C\000o\000n\000c\000l\000u\000s\000i\000o\000n}{subsection.3.1}% 16
\BOOKMARK [2][-]{subsection.3.2}{\376\377\000R\000e\000f\000l\000e\000c\000t\000i\000o\000n\000s\000\040\000a\000f\000t\000e\000r\000\040\000E\000x\000p\000e\000r\000i\000m\000e\000n\000t}{section.3}% 17
\BOOKMARK [1][-]{section.4}{\376\377\000X\000X\000X\000\040\000\040\000T\000h\000e\000\040\000E\000n\000d}{}% 18
\BOOKMARK [2][-]{subsection.4.1}{\376\377\000S\000u\000m\000m\000a\000r\000y\000,\000\040\000T\000h\000o\000u\000g\000h\000t\000s\000\040\000\046\000\040\000A\000c\000k\000n\000o\000w\000l\000e\000d\000g\000m\000e\000n\000t\000s}{section.4}% 19
\BOOKMARK [2][-]{subsection.4.2}{\376\377\000A\000t\000t\000a\000c\000h\000m\000e\000n\000t}{section.4}% 20
